INFO:sim:172 - Generating IP...
Resolving generics for 'multiplier'...
Applying external generics to 'multiplier'...
Delivering associated files for 'multiplier'...
Generating implementation netlist for 'multiplier'...
INFO:sim - Pre-processing HDL files for 'multiplier'...
Running synthesis for 'multiplier'
Running ngcbuild...
Writing VHO instantiation template for 'multiplier'...
Writing VHDL behavioral simulation model for 'multiplier'...
Delivered 3 files into directory
C:/Users/lgtneto/Documents/Daleee/trabalhosistemas/trabalhosistemas/ipcore_dir/t
mp/_cg/multiplier
Delivered 1 file into directory
C:/Users/lgtneto/Documents/Daleee/trabalhosistemas/trabalhosistemas/ipcore_dir/t
mp/_cg/multiplier
Generating ASY schematic symbol...
INFO:sim:949 - Finished generation of ASY schematic symbol.
Generating SYM schematic symbol for 'multiplier'...
Generating metadata file...
Generating ISE project file for 'multiplier'...
Generating ISE project...
XCO file found: multiplier.xco
XMDF file found: multiplier_xmdf.tcl
Adding
C:/Users/lgtneto/Documents/Daleee/trabalhosistemas/trabalhosistemas/ipcore_dir/t
mp/_cg/multiplier.asy -view all -origin_type imported
Adding
C:/Users/lgtneto/Documents/Daleee/trabalhosistemas/trabalhosistemas/ipcore_dir/t
mp/_cg/multiplier.ngc -view all -origin_type created
Checking file
"C:/Users/lgtneto/Documents/Daleee/trabalhosistemas/trabalhosistemas/ipcore_dir/
tmp/_cg/multiplier.ngc" for project device match ...
File
"C:/Users/lgtneto/Documents/Daleee/trabalhosistemas/trabalhosistemas/ipcore_dir/
tmp/_cg/multiplier.ngc" device information matches project device.
Adding
C:/Users/lgtneto/Documents/Daleee/trabalhosistemas/trabalhosistemas/ipcore_dir/t
mp/_cg/multiplier.sym -view all -origin_type imported
Adding
C:/Users/lgtneto/Documents/Daleee/trabalhosistemas/trabalhosistemas/ipcore_dir/t
mp/_cg/multiplier.vhd -view all -origin_type created
INFO:HDLCompiler:1061 - Parsing VHDL file
   "C:/Users/lgtneto/Documents/Daleee/trabalhosistemas/trabalhosistemas/ipcore_d
   ir/tmp/_cg/multiplier.vhd" into library work
INFO:ProjectMgmt - Parsing design hierarchy completed successfully.
Adding
C:/Users/lgtneto/Documents/Daleee/trabalhosistemas/trabalhosistemas/ipcore_dir/t
mp/_cg/multiplier.vho -view all -origin_type imported
INFO:TclTasksC:2116 - The automatic calculation of top has been turned-off.
   Please set the new top explicitly by running the "project set top" command.
   To re-calculate the new top automatically, set the "Auto Implementation Top"
   property to true.
Top level has been set to "/multiplier"
Generating README file...
Generating FLIST file...
INFO:sim:948 - Finished FLIST file generation.
Launching README viewer...
Moving files to output directory...
Finished moving files to output directory
Wrote CGP file for project 'multiplier'.
